[ 2025-11-19 23:17:16,826 ] 1025 httpx - INFO - HTTP Request: GET https://dagshub.com/api/v1/user "HTTP/1.1 200 OK"
[ 2025-11-19 23:17:16,833 ] 107 dagshub - INFO - Accessing as devanshprataps6
[ 2025-11-19 23:17:18,157 ] 1025 httpx - INFO - HTTP Request: GET https://dagshub.com/api/v1/repos/devanshprataps6/Network_Security "HTTP/1.1 200 OK"
[ 2025-11-19 23:17:19,358 ] 1025 httpx - INFO - HTTP Request: GET https://dagshub.com/api/v1/user "HTTP/1.1 200 OK"
[ 2025-11-19 23:17:19,363 ] 107 dagshub - INFO - Initialized MLflow to track repo "devanshprataps6/Network_Security"
[ 2025-11-19 23:17:19,364 ] 107 dagshub - INFO - Repository devanshprataps6/Network_Security initialized!
[ 2025-11-19 23:17:19,364 ] 16 root - INFO - Initiate the Data Ingestion
[ 2025-11-19 23:17:22,480 ] 61 root - INFO - Performed train test split on the dataframe
[ 2025-11-19 23:17:22,480 ] 63 root - INFO - Exited split_data_as_train_test method of Data_Ingestion class
[ 2025-11-19 23:17:22,480 ] 71 root - INFO - Exporting train and test file path.
[ 2025-11-19 23:17:22,509 ] 80 root - INFO - Exported train and test file path.
[ 2025-11-19 23:17:22,509 ] 18 root - INFO - Data Ingestion Completed
[ 2025-11-19 23:17:22,512 ] 22 root - INFO - Initiate the Data Validation
[ 2025-11-19 23:17:22,521 ] 30 root - INFO - Required columns length : 31
[ 2025-11-19 23:17:22,521 ] 31 root - INFO - DataFrame columns length : 31
[ 2025-11-19 23:17:22,521 ] 30 root - INFO - Required columns length : 31
[ 2025-11-19 23:17:22,521 ] 31 root - INFO - DataFrame columns length : 31
[ 2025-11-19 23:17:22,607 ] 24 root - INFO - Data Validation Completed
[ 2025-11-19 23:17:22,607 ] 28 root - INFO - Initiate the Data Transformation
[ 2025-11-19 23:17:22,607 ] 46 root - INFO - Entered initiate_data_transformation method of DataTransformation class
[ 2025-11-19 23:17:22,607 ] 48 root - INFO - Starting data transformation
[ 2025-11-19 23:17:22,607 ] 49 root - INFO - Reading training data from Artifacts/11_19_2025_23_17_14/data_ingestion/ingested/train.csv
[ 2025-11-19 23:17:22,616 ] 31 root - INFO - Entered get_data_trnasformer_object method of Trnasformation class
[ 2025-11-19 23:17:22,616 ] 36 root - INFO - Initialise KNNImputer with {'missing_values': nan, 'n_neighbors': 3, 'weights': 'uniform'}
[ 2025-11-19 23:17:22,621 ] 46 root - INFO - Entered the save_object method of main_Utils/utils file.
[ 2025-11-19 23:17:22,623 ] 50 root - INFO - Exited the save_object method of main_Utils/utils file.
[ 2025-11-19 23:17:22,623 ] 30 root - INFO - Data Transformation Completed
[ 2025-11-19 23:17:22,623 ] 32 root - INFO - Model Training Started
[ 2025-11-19 23:22:19,970 ] 46 root - INFO - Entered the save_object method of main_Utils/utils file.
[ 2025-11-19 23:22:19,971 ] 50 root - INFO - Exited the save_object method of main_Utils/utils file.
[ 2025-11-19 23:22:19,971 ] 116 root - INFO - Model trainer artifact: ModelTrainerArtifact(trained_model_file_path='Artifacts/11_19_2025_23_17_14/model_trainer/trained_model/model.pkl', train_metric_artifact=ClassificationMetricArtifact(f1_score=0.9913503612496184, precision_score=0.9904432696217975, recall_score=0.9922591159095538), test_metric_artifact=ClassificationMetricArtifact(f1_score=0.9698412698412698, precision_score=0.960691823899371, recall_score=0.9791666666666666))
[ 2025-11-19 23:22:19,981 ] 36 root - INFO - Model Training Artifact Created
