[ 2025-11-19 23:12:15,957 ] 1025 httpx - INFO - HTTP Request: GET https://dagshub.com/api/v1/user "HTTP/1.1 200 OK"
[ 2025-11-19 23:12:15,963 ] 107 dagshub - INFO - Accessing as devanshprataps6
[ 2025-11-19 23:12:18,086 ] 1025 httpx - INFO - HTTP Request: GET https://dagshub.com/api/v1/repos/devanshprataps6/Network_Security "HTTP/1.1 200 OK"
[ 2025-11-19 23:12:19,485 ] 1025 httpx - INFO - HTTP Request: GET https://dagshub.com/api/v1/user "HTTP/1.1 200 OK"
[ 2025-11-19 23:12:19,659 ] 107 dagshub - INFO - Initialized MLflow to track repo "devanshprataps6/Network_Security"
[ 2025-11-19 23:12:19,660 ] 107 dagshub - INFO - Repository devanshprataps6/Network_Security initialized!
[ 2025-11-19 23:12:19,660 ] 16 root - INFO - Initiate the Data Ingestion
[ 2025-11-19 23:12:23,102 ] 61 root - INFO - Performed train test split on the dataframe
[ 2025-11-19 23:12:23,102 ] 63 root - INFO - Exited split_data_as_train_test method of Data_Ingestion class
[ 2025-11-19 23:12:23,102 ] 71 root - INFO - Exporting train and test file path.
[ 2025-11-19 23:12:23,132 ] 80 root - INFO - Exported train and test file path.
[ 2025-11-19 23:12:23,132 ] 18 root - INFO - Data Ingestion Completed
[ 2025-11-19 23:12:23,134 ] 22 root - INFO - Initiate the Data Validation
[ 2025-11-19 23:12:23,144 ] 30 root - INFO - Required columns length : 31
[ 2025-11-19 23:12:23,144 ] 31 root - INFO - DataFrame columns length : 31
[ 2025-11-19 23:12:23,144 ] 30 root - INFO - Required columns length : 31
[ 2025-11-19 23:12:23,144 ] 31 root - INFO - DataFrame columns length : 31
[ 2025-11-19 23:12:23,226 ] 24 root - INFO - Data Validation Completed
[ 2025-11-19 23:12:23,227 ] 28 root - INFO - Initiate the Data Transformation
[ 2025-11-19 23:12:23,227 ] 46 root - INFO - Entered initiate_data_transformation method of DataTransformation class
[ 2025-11-19 23:12:23,227 ] 48 root - INFO - Starting data transformation
[ 2025-11-19 23:12:23,227 ] 49 root - INFO - Reading training data from Artifacts/11_19_2025_23_12_12/data_ingestion/ingested/train.csv
[ 2025-11-19 23:12:23,235 ] 31 root - INFO - Entered get_data_trnasformer_object method of Trnasformation class
[ 2025-11-19 23:12:23,236 ] 36 root - INFO - Initialise KNNImputer with {'missing_values': nan, 'n_neighbors': 3, 'weights': 'uniform'}
[ 2025-11-19 23:12:23,239 ] 46 root - INFO - Entered the save_object method of main_Utils/utils file.
[ 2025-11-19 23:12:23,240 ] 50 root - INFO - Exited the save_object method of main_Utils/utils file.
[ 2025-11-19 23:12:23,241 ] 30 root - INFO - Data Transformation Completed
[ 2025-11-19 23:12:23,241 ] 32 root - INFO - Model Training Started
[ 2025-11-19 23:15:28,754 ] 46 root - INFO - Entered the save_object method of main_Utils/utils file.
[ 2025-11-19 23:15:28,755 ] 50 root - INFO - Exited the save_object method of main_Utils/utils file.
[ 2025-11-19 23:15:28,755 ] 116 root - INFO - Model trainer artifact: ModelTrainerArtifact(trained_model_file_path='Artifacts/11_19_2025_23_12_12/model_trainer/trained_model/model.pkl', train_metric_artifact=ClassificationMetricArtifact(f1_score=0.9917791535572922, precision_score=0.9898703403565641, recall_score=0.9936953426886312), test_metric_artifact=ClassificationMetricArtifact(f1_score=0.9712, precision_score=0.9634920634920635, recall_score=0.9790322580645161))
[ 2025-11-19 23:15:28,769 ] 36 root - INFO - Model Training Artifact Created
