[ 2025-12-25 19:33:21,051 ] 1025 httpx - INFO - HTTP Request: GET https://dagshub.com/api/v1/user "HTTP/1.1 200 OK"
[ 2025-12-25 19:33:21,054 ] 107 dagshub - INFO - Accessing as devanshprataps6
[ 2025-12-25 19:33:22,623 ] 1025 httpx - INFO - HTTP Request: GET https://dagshub.com/api/v1/repos/devanshprataps6/Network_Security "HTTP/1.1 200 OK"
[ 2025-12-25 19:33:24,098 ] 1025 httpx - INFO - HTTP Request: GET https://dagshub.com/api/v1/user "HTTP/1.1 200 OK"
[ 2025-12-25 19:33:24,101 ] 107 dagshub - INFO - Initialized MLflow to track repo "devanshprataps6/Network_Security"
[ 2025-12-25 19:33:24,102 ] 107 dagshub - INFO - Repository devanshprataps6/Network_Security initialized!
[ 2025-12-25 19:33:24,104 ] 35 root - INFO - Data Ingestion started ....
[ 2025-12-25 19:33:30,895 ] 61 root - INFO - Performed train test split on the dataframe
[ 2025-12-25 19:33:30,895 ] 62 root - INFO - Exited split_data_as_train_test method of Data_Ingestion class
[ 2025-12-25 19:33:30,896 ] 67 root - INFO - Exporting train and test file path.
[ 2025-12-25 19:33:30,924 ] 74 root - INFO - Exported train and test file path.
[ 2025-12-25 19:33:30,924 ] 38 root - INFO - Data Ingestion completed and artifact: DataIngestionArtifact(trained_file_path='Artifacts/12_25_2025_19_33_18/data_ingestion/ingested/train.csv', test_file_path='Artifacts/12_25_2025_19_33_18/data_ingestion/ingested/test.csv')
[ 2025-12-25 19:33:30,925 ] 46 root - INFO - Data Validation started ....
[ 2025-12-25 19:33:30,935 ] 29 root - INFO - Required columns length : 31
[ 2025-12-25 19:33:30,935 ] 30 root - INFO - DataFrame columns length : 31
[ 2025-12-25 19:33:30,935 ] 29 root - INFO - Required columns length : 31
[ 2025-12-25 19:33:30,935 ] 30 root - INFO - DataFrame columns length : 31
[ 2025-12-25 19:33:30,964 ] 49 root - INFO - Data Validation completed and artifact: DataValidationArtifact(validation_status=True, valid_train_file_path='Artifacts/12_25_2025_19_33_18/data_validation/validated/train.csv', valid_test_file_path='Artifacts/12_25_2025_19_33_18/data_validation/validated/test.csv', invalid_report_file_path='Artifacts/12_25_2025_19_33_18/data_validation/invalid/invalid_schema_report.yaml')
[ 2025-12-25 19:33:30,964 ] 57 root - INFO - Data Transformation started ....
[ 2025-12-25 19:33:30,964 ] 19 root - INFO - Entered initiate_data_transformation method of DataTransformation class
[ 2025-12-25 19:33:30,964 ] 21 root - INFO - Starting data transformation
[ 2025-12-25 19:33:30,972 ] 27 root - INFO - Applying Feature Engineering on training and testing dataframe
[ 2025-12-25 19:33:30,978 ] 30 root - INFO - Feature Engineering applied successfully
[ 2025-12-25 19:33:30,988 ] 60 root - INFO - Data Transformation completed and artifact: DataTransformationArtifact(transformed_train_file_path='Artifacts/12_25_2025_19_33_18/data_transformation/transformed/train.csv', transformed_test_file_path='Artifacts/12_25_2025_19_33_18/data_transformation/transformed/test.csv')
[ 2025-12-25 19:33:30,988 ] 68 root - INFO - Model Trainer started ....
[ 2025-12-25 19:33:55,651 ] 46 root - INFO - Entered the save_object method of main_Utils/utils file.
[ 2025-12-25 19:33:55,703 ] 50 root - INFO - Exited the save_object method of main_Utils/utils file.
[ 2025-12-25 19:33:55,703 ] 46 root - INFO - Entered the save_object method of main_Utils/utils file.
[ 2025-12-25 19:33:55,728 ] 50 root - INFO - Exited the save_object method of main_Utils/utils file.
[ 2025-12-25 19:33:55,728 ] 122 root - INFO - Model trainer artifact: ModelTrainerArtifact(trained_model_file_path='Artifacts/12_25_2025_19_33_18/model_trainer/trained_model/model.pkl', train_metric_artifact=ClassificationMetricArtifact(f1_score=0.9207775919732442, precision_score=0.9471081487852074, recall_score=0.895871466341265), test_metric_artifact=ClassificationMetricArtifact(f1_score=0.9105892047795633, precision_score=0.9309182813816343, recall_score=0.8911290322580645))
[ 2025-12-25 19:33:55,731 ] 71 root - INFO - Model Trainer completed and artifact: ModelTrainerArtifact(trained_model_file_path='Artifacts/12_25_2025_19_33_18/model_trainer/trained_model/model.pkl', train_metric_artifact=ClassificationMetricArtifact(f1_score=0.9207775919732442, precision_score=0.9471081487852074, recall_score=0.895871466341265), test_metric_artifact=ClassificationMetricArtifact(f1_score=0.9105892047795633, precision_score=0.9309182813816343, recall_score=0.8911290322580645))
